[debug] [2026-05-17T08:42:58.576Z] ----------------------------------------------------------------------
[debug] [2026-05-17T08:42:58.579Z] Command:       /Users/nhqr5/.nvm/versions/node/v22.16.0/bin/node /Users/nhqr5/.nvm/versions/node/v22.16.0/bin/firebase emulators:start --import ./emulator-data --export-on-exit ./emulator-data
[debug] [2026-05-17T08:42:58.580Z] CLI Version:   14.17.0
[debug] [2026-05-17T08:42:58.580Z] Platform:      darwin
[debug] [2026-05-17T08:42:58.580Z] Node Version:  v22.16.0
[debug] [2026-05-17T08:42:58.580Z] Time:          Sun May 17 2026 09:42:58 GMT+0100 (British Summer Time)
[debug] [2026-05-17T08:42:58.580Z] ----------------------------------------------------------------------
[debug] 
[debug] [2026-05-17T08:42:58.692Z] > command requires scopes: ["email","openid","https://www.googleapis.com/auth/cloudplatformprojects.readonly","https://www.googleapis.com/auth/firebase","https://www.googleapis.com/auth/cloud-platform"]
[debug] [2026-05-17T08:42:58.692Z] > authorizing via signed-in user (tom@bartindale.com)
[debug] [2026-05-17T08:42:58.818Z] openjdk version "25.0.2" 2026-01-20

[debug] [2026-05-17T08:42:58.819Z] OpenJDK Runtime Environment Homebrew (build 25.0.2)
OpenJDK 64-Bit Server VM Homebrew (build 25.0.2, mixed mode, sharing)

[debug] [2026-05-17T08:42:58.821Z] Parsed Java major version: 25
[info] i  emulators: Starting emulators: functions, firestore, hosting, extensions {"metadata":{"emulator":{"name":"hub"},"message":"Starting emulators: functions, firestore, hosting, extensions"}}
[debug] [2026-05-17T08:42:58.822Z] Checked if tokens are valid: true, expires at: 1779009501148
[debug] [2026-05-17T08:42:58.822Z] Checked if tokens are valid: true, expires at: 1779009501148
[debug] [2026-05-17T08:42:58.822Z] >>> [apiv2][query] GET https://cloudresourcemanager.googleapis.com/v1/projects/gala-tracker [none]
[debug] [2026-05-17T08:42:59.718Z] <<< [apiv2][status] GET https://cloudresourcemanager.googleapis.com/v1/projects/gala-tracker 200
[debug] [2026-05-17T08:42:59.719Z] <<< [apiv2][body] GET https://cloudresourcemanager.googleapis.com/v1/projects/gala-tracker {"projectNumber":"712335463464","projectId":"gala-tracker","lifecycleState":"ACTIVE","name":"gala-tracker","labels":{"firebase":"enabled","firebase-core":"disabled"},"createTime":"2026-05-17T08:02:51.156Z","parent":{"type":"organization","id":"153891851394"}}
[debug] [2026-05-17T08:43:00.330Z] [logging] Logging Emulator only supports listening on one address (127.0.0.1). Not listening on ::1
[debug] [2026-05-17T08:43:00.330Z] [firestore] Firestore Emulator only supports listening on one address (127.0.0.1). Not listening on ::1
[debug] [2026-05-17T08:43:00.330Z] [firestore.websocket] websocket server for firestore only supports listening on one address (127.0.0.1). Not listening on ::1
[warn] ⚠  hosting: Hosting Emulator unable to start on port 5000, starting on 5002 instead. {"metadata":{"emulator":{"name":"hosting"},"message":"Hosting Emulator unable to start on port 5000, starting on 5002 instead."}}
[debug] [2026-05-17T08:43:00.330Z] [hosting] Hosting Emulator only supports listening on one address (127.0.0.1). Not listening on ::1
[debug] [2026-05-17T08:43:00.330Z] assigned listening specs for emulators {"user":{"hub":[{"address":"127.0.0.1","family":"IPv4","port":4400},{"address":"::1","family":"IPv6","port":4400}],"ui":[{"address":"127.0.0.1","family":"IPv4","port":4000},{"address":"::1","family":"IPv6","port":4000}],"logging":[{"address":"127.0.0.1","family":"IPv4","port":4500}],"firestore":[{"address":"127.0.0.1","family":"IPv4","port":8080}],"firestore.websocket":[{"address":"127.0.0.1","family":"IPv4","port":9150}],"hosting":[{"address":"127.0.0.1","family":"IPv4","port":5002}]},"metadata":{"message":"assigned listening specs for emulators"}}
[debug] [2026-05-17T08:43:00.332Z] Emulator locator file path: /var/folders/12/2lz5h6hd7sv2vfnz0l62c6cm0000gp/T/hub-gala-tracker.json
[debug] [2026-05-17T08:43:00.332Z] [hub] writing locator at /var/folders/12/2lz5h6hd7sv2vfnz0l62c6cm0000gp/T/hub-gala-tracker.json
[debug] [2026-05-17T08:43:00.333Z] [Extensions] Started Extensions emulator, this is a noop.
[debug] [2026-05-17T08:43:00.595Z] [functions] Functions Emulator only supports listening on one address (127.0.0.1). Not listening on ::1
[debug] [2026-05-17T08:43:00.595Z] [eventarc] Eventarc Emulator only supports listening on one address (127.0.0.1). Not listening on ::1
[debug] [2026-05-17T08:43:00.595Z] [tasks] Cloud Tasks Emulator only supports listening on one address (127.0.0.1). Not listening on ::1
[debug] [2026-05-17T08:43:00.595Z] late-assigned ports for functions and eventarc emulators {"user":{"hub":[{"address":"127.0.0.1","family":"IPv4","port":4400},{"address":"::1","family":"IPv6","port":4400}],"ui":[{"address":"127.0.0.1","family":"IPv4","port":4000},{"address":"::1","family":"IPv6","port":4000}],"logging":[{"address":"127.0.0.1","family":"IPv4","port":4500}],"firestore":[{"address":"127.0.0.1","family":"IPv4","port":8080}],"firestore.websocket":[{"address":"127.0.0.1","family":"IPv4","port":9150}],"hosting":[{"address":"127.0.0.1","family":"IPv4","port":5002}],"functions":[{"address":"127.0.0.1","family":"IPv4","port":5001}],"eventarc":[{"address":"127.0.0.1","family":"IPv4","port":9299}],"tasks":[{"address":"127.0.0.1","family":"IPv4","port":9499}]},"metadata":{"message":"late-assigned ports for functions and eventarc emulators"}}
[warn] ⚠  functions: The following emulators are not running, calls to these services from the Functions emulator will affect production: apphosting, auth, database, pubsub, storage, dataconnect {"metadata":{"emulator":{"name":"functions"},"message":"The following emulators are not running, calls to these services from the Functions emulator will affect production: \u001b[1mapphosting, auth, database, pubsub, storage, dataconnect\u001b[22m"}}
[debug] [2026-05-17T08:43:00.614Z] defaultcredentials: writing to file /Users/nhqr5/.config/firebase/tom_bartindale_com_application_default_credentials.json
[debug] [2026-05-17T08:43:00.623Z] Setting GAC to /Users/nhqr5/.config/firebase/tom_bartindale_com_application_default_credentials.json {"metadata":{"emulator":{"name":"functions"},"message":"Setting GAC to /Users/nhqr5/.config/firebase/tom_bartindale_com_application_default_credentials.json"}}
[debug] [2026-05-17T08:43:00.623Z] Checked if tokens are valid: true, expires at: 1779009501148
[debug] [2026-05-17T08:43:00.623Z] Checked if tokens are valid: true, expires at: 1779009501148
[debug] [2026-05-17T08:43:00.623Z] >>> [apiv2][query] GET https://firebase.googleapis.com/v1beta1/projects/gala-tracker/adminSdkConfig [none]
[debug] [2026-05-17T08:43:01.227Z] <<< [apiv2][status] GET https://firebase.googleapis.com/v1beta1/projects/gala-tracker/adminSdkConfig 200
[debug] [2026-05-17T08:43:01.227Z] <<< [apiv2][body] GET https://firebase.googleapis.com/v1beta1/projects/gala-tracker/adminSdkConfig {"projectId":"gala-tracker","storageBucket":"gala-tracker.firebasestorage.app"}
[debug] [2026-05-17T08:43:01.271Z] Ignoring unsupported arg: auto_download {"metadata":{"emulator":{"name":"firestore"},"message":"Ignoring unsupported arg: auto_download"}}
[debug] [2026-05-17T08:43:01.271Z] Ignoring unsupported arg: single_project_mode_error {"metadata":{"emulator":{"name":"firestore"},"message":"Ignoring unsupported arg: single_project_mode_error"}}
[debug] [2026-05-17T08:43:01.271Z] Starting Firestore Emulator with command {"binary":"java","args":["-Dgoogle.cloud_firestore.debug_log_level=FINE","-Duser.language=en","-jar","/Users/nhqr5/.cache/firebase/emulators/cloud-firestore-emulator-v1.19.8.jar","--host","127.0.0.1","--port",8080,"--websocket_port",9150,"--project_id","gala-tracker","--rules","/Users/nhqr5/Documents/Projects/swim_results/firestore.rules","--single_project_mode",true,"--functions_emulator","127.0.0.1:5001"],"optionalArgs":["port","webchannel_port","host","rules","websocket_port","functions_emulator","seed_from_export","project_id","single_project_mode"],"joinArgs":false,"shell":false,"port":8080} {"metadata":{"emulator":{"name":"firestore"},"message":"Starting Firestore Emulator with command {\"binary\":\"java\",\"args\":[\"-Dgoogle.cloud_firestore.debug_log_level=FINE\",\"-Duser.language=en\",\"-jar\",\"/Users/nhqr5/.cache/firebase/emulators/cloud-firestore-emulator-v1.19.8.jar\",\"--host\",\"127.0.0.1\",\"--port\",8080,\"--websocket_port\",9150,\"--project_id\",\"gala-tracker\",\"--rules\",\"/Users/nhqr5/Documents/Projects/swim_results/firestore.rules\",\"--single_project_mode\",true,\"--functions_emulator\",\"127.0.0.1:5001\"],\"optionalArgs\":[\"port\",\"webchannel_port\",\"host\",\"rules\",\"websocket_port\",\"functions_emulator\",\"seed_from_export\",\"project_id\",\"single_project_mode\"],\"joinArgs\":false,\"shell\":false,\"port\":8080}"}}
[info] i  firestore: Firestore Emulator logging to firestore-debug.log {"metadata":{"emulator":{"name":"firestore"},"message":"Firestore Emulator logging to \u001b[1mfirestore-debug.log\u001b[22m"}}
[debug] [2026-05-17T08:43:01.601Z] WARNING: A terminally deprecated method in sun.misc.Unsafe has been called
WARNING: sun.misc.Unsafe::objectFieldOffset has been called by io.netty.util.internal.PlatformDependent0$4 (file:/Users/nhqr5/.cache/firebase/emulators/cloud-firestore-emulator-v1.19.8.jar)
WARNING: Please consider reporting this to the maintainers of class io.netty.util.internal.PlatformDependent0$4
WARNING: sun.misc.Unsafe::objectFieldOffset will be removed in a future release
 {"metadata":{"emulator":{"name":"firestore"},"message":"WARNING: A terminally deprecated method in sun.misc.Unsafe has been called\nWARNING: sun.misc.Unsafe::objectFieldOffset has been called by io.netty.util.internal.PlatformDependent0$4 (file:/Users/nhqr5/.cache/firebase/emulators/cloud-firestore-emulator-v1.19.8.jar)\nWARNING: Please consider reporting this to the maintainers of class io.netty.util.internal.PlatformDependent0$4\nWARNING: sun.misc.Unsafe::objectFieldOffset will be removed in a future release\n"}}
[debug] [2026-05-17T08:43:01.973Z] May 17, 2026 9:43:01 AM com.google.cloud.datastore.emulator.firestore.websocket.WebSocketServer start
INFO: Started WebSocket server on ws://127.0.0.1:9150
 {"metadata":{"emulator":{"name":"firestore"},"message":"May 17, 2026 9:43:01 AM com.google.cloud.datastore.emulator.firestore.websocket.WebSocketServer start\nINFO: Started WebSocket server on ws://127.0.0.1:9150\n"}}
[debug] [2026-05-17T08:43:01.984Z] API endpoint: http:// {"metadata":{"emulator":{"name":"firestore"},"message":"API endpoint: http://"}}
[debug] [2026-05-17T08:43:01.984Z] 127.0.0.1:8080
If you are using a library that supports the FIRESTORE_EMULATOR_HOST environment variable, run:

   export FIRESTORE_EMULATOR_HOST=127.0.0.1:8080

If you are running a Firestore in Datastore Mode project, run:

   export DATASTORE_EMULATOR_HOST=127.0.0.1:8080

Note: Support for Datastore Mode is in preview. If you encounter any bugs please file at https://github.com/firebase/firebase-tools/issues.
Dev App Server is now running.

 {"metadata":{"emulator":{"name":"firestore"},"message":"127.0.0.1:8080\nIf you are using a library that supports the FIRESTORE_EMULATOR_HOST environment variable, run:\n\n   export FIRESTORE_EMULATOR_HOST=127.0.0.1:8080\n\nIf you are running a Firestore in Datastore Mode project, run:\n\n   export DATASTORE_EMULATOR_HOST=127.0.0.1:8080\n\nNote: Support for Datastore Mode is in preview. If you encounter any bugs please file at https://github.com/firebase/firebase-tools/issues.\nDev App Server is now running.\n\n"}}
[info] ✔  firestore: Firestore Emulator UI websocket is running on 9150. {"metadata":{"emulator":{"name":"firestore"},"message":"Firestore Emulator UI websocket is running on 9150."}}
[debug] [2026-05-17T08:43:02.082Z] Checked if tokens are valid: true, expires at: 1779009501148
[debug] [2026-05-17T08:43:02.082Z] Checked if tokens are valid: true, expires at: 1779009501148
[debug] [2026-05-17T08:43:02.082Z] >>> [apiv2][query] GET https://firebasehosting.googleapis.com/v1beta1/projects/gala-tracker/sites 
[debug] [2026-05-17T08:43:03.326Z] <<< [apiv2][status] GET https://firebasehosting.googleapis.com/v1beta1/projects/gala-tracker/sites 200
[debug] [2026-05-17T08:43:03.326Z] <<< [apiv2][body] GET https://firebasehosting.googleapis.com/v1beta1/projects/gala-tracker/sites {"sites":[{"name":"projects/gala-tracker/sites/gala-tracker","defaultUrl":"https://gala-tracker.web.app","type":"DEFAULT_SITE"}]}
[debug] [2026-05-17T08:43:03.327Z] Checked if tokens are valid: true, expires at: 1779009501148
[debug] [2026-05-17T08:43:03.327Z] Checked if tokens are valid: true, expires at: 1779009501148
[debug] [2026-05-17T08:43:03.327Z] >>> [apiv2][query] GET https://firebase.googleapis.com/v1beta1/projects/gala-tracker/webApps/-/config [none]
[debug] [2026-05-17T08:43:03.753Z] <<< [apiv2][status] GET https://firebase.googleapis.com/v1beta1/projects/gala-tracker/webApps/-/config 200
[debug] [2026-05-17T08:43:03.753Z] <<< [apiv2][body] GET https://firebase.googleapis.com/v1beta1/projects/gala-tracker/webApps/-/config {"projectId":"gala-tracker","storageBucket":"gala-tracker.firebasestorage.app","apiKey":"AIzaSyAWGuRA_qJ8knIiwodQqPqBV2UIgF3qDDg","authDomain":"gala-tracker.firebaseapp.com","messagingSenderId":"712335463464","projectNumber":"712335463464","version":"2"}
[debug] [2026-05-17T08:43:03.773Z] Checked if tokens are valid: true, expires at: 1779009501148
[debug] [2026-05-17T08:43:03.774Z] Checked if tokens are valid: true, expires at: 1779009501148
[debug] [2026-05-17T08:43:03.775Z] >>> [apiv2][query] GET https://firebase.googleapis.com/v1beta1/projects/gala-tracker [none]
[debug] [2026-05-17T08:43:04.140Z] <<< [apiv2][status] GET https://firebase.googleapis.com/v1beta1/projects/gala-tracker 200
[debug] [2026-05-17T08:43:04.141Z] <<< [apiv2][body] GET https://firebase.googleapis.com/v1beta1/projects/gala-tracker {"projectId":"gala-tracker","projectNumber":"712335463464","displayName":"gala-tracker","name":"projects/gala-tracker","resources":{"hostingSite":"gala-tracker"},"state":"ACTIVE","etag":"1_68791341-20db-4ea2-b06d-bd1978ff19f5"}
[info] i  hosting[gala-tracker]: Serving hosting files from: dist {"metadata":{"emulator":{"name":"hosting"},"message":"Serving hosting files from: \u001b[1mdist\u001b[22m"}}
[info] ✔  hosting[gala-tracker]: Local server: http://127.0.0.1:5002 {"metadata":{"emulator":{"name":"hosting"},"message":"Local server: \u001b[4m\u001b[1mhttp://127.0.0.1:5002\u001b[22m\u001b[24m"}}
[debug] [2026-05-17T08:43:04.311Z] [Extensions] Connecting Extensions emulator, this is a noop.
[info] i  functions: Watching "/Users/nhqr5/Documents/Projects/swim_results/functions" for Cloud Functions... {"metadata":{"emulator":{"name":"functions"},"message":"Watching \"/Users/nhqr5/Documents/Projects/swim_results/functions\" for Cloud Functions..."}}
[debug] [2026-05-17T08:43:04.313Z] Validating nodejs source
[warn] ⚠  functions: package.json indicates an outdated version of firebase-functions. Please upgrade using npm install --save firebase-functions@latest in your functions directory. 
[warn] ⚠  functions: Please note that there will be breaking changes when you upgrade. 
[debug] [2026-05-17T08:43:07.829Z] > [functions] package.json contents: {
  "name": "gala-tracker-functions",
  "version": "1.0.0",
  "private": true,
  "main": "lib/index.js",
  "scripts": {
    "build": "tsc",
    "watch": "tsc --watch"
  },
  "dependencies": {
    "cheerio": "^1.0.0",
    "firebase-admin": "^12.0.0",
    "firebase-functions": "^6.0.0"
  },
  "devDependencies": {
    "@types/node": "^20.0.0",
    "typescript": "^5.0.0"
  },
  "engines": {
    "node": "20"
  }
}
[debug] [2026-05-17T08:43:07.829Z] Building nodejs source
[debug] [2026-05-17T08:43:07.830Z] Failed to find version of module node: reached end of search path /Users/nhqr5/Documents/Projects/swim_results/functions/node_modules
[warn] ⚠  functions: Your requested "node" version "20" doesn't match your global version "22". Using node@22 from host. 
[debug] [2026-05-17T08:43:07.834Z] Could not find functions.yaml. Must use http discovery
[debug] [2026-05-17T08:43:07.843Z] Found firebase-functions binary at '/Users/nhqr5/Documents/Projects/swim_results/functions/node_modules/.bin/firebase-functions'
[debug] [2026-05-17T08:43:07.894Z] May 17, 2026 9:43:07 AM com.google.cloud.datastore.emulator.firestore.websocket.WebSocketChannelHandler initChannel
INFO: Connected to new websocket client
May 17, 2026 9:43:07 AM io.gapi.emulators.netty.HttpVersionRoutingHandler channelRead
INFO: Detected non-HTTP/2 connection.
May 17, 2026 9:43:07 AM io.gapi.emulators.netty.HttpVersionRoutingHandler channelRead
INFO: Detected non-HTTP/2 connection.
 {"metadata":{"emulator":{"name":"firestore"},"message":"May 17, 2026 9:43:07 AM com.google.cloud.datastore.emulator.firestore.websocket.WebSocketChannelHandler initChannel\nINFO: Connected to new websocket client\nMay 17, 2026 9:43:07 AM io.gapi.emulators.netty.HttpVersionRoutingHandler channelRead\nINFO: Detected non-HTTP/2 connection.\nMay 17, 2026 9:43:07 AM io.gapi.emulators.netty.HttpVersionRoutingHandler channelRead\nINFO: Detected non-HTTP/2 connection.\n"}}
[debug] [2026-05-17T08:43:08.106Z] May 17, 2026 9:43:08 AM io.gapi.emulators.netty.HttpVersionRoutingHandler channelRead
INFO: Detected HTTP/2 connection.
 {"metadata":{"emulator":{"name":"firestore"},"message":"May 17, 2026 9:43:08 AM io.gapi.emulators.netty.HttpVersionRoutingHandler channelRead\nINFO: Detected HTTP/2 connection.\n"}}
[info] Serving at port 8438

[debug] [2026-05-17T08:43:12.355Z] Got response from /__/functions.yaml {"endpoints":{"pollSwimResults":{"availableMemoryMb":null,"timeoutSeconds":null,"minInstances":null,"maxInstances":null,"ingressSettings":null,"concurrency":null,"serviceAccountEmail":null,"vpc":null,"platform":"gcfv2","labels":{},"scheduleTrigger":{"schedule":"every 5 minutes","retryConfig":{},"timeZone":"Europe/London"},"entryPoint":"pollSwimResults"},"pollSwimResultsHttp":{"availableMemoryMb":null,"timeoutSeconds":null,"minInstances":null,"maxInstances":null,"ingressSettings":null,"concurrency":null,"serviceAccountEmail":null,"vpc":null,"platform":"gcfv2","labels":{},"httpsTrigger":{},"entryPoint":"pollSwimResultsHttp"}},"specVersion":"v1alpha1","requiredAPIs":[{"api":"cloudscheduler.googleapis.com","reason":"Needed for scheduled functions."}],"extensions":{}}
[debug] [2026-05-17T08:43:16.390Z] defaultcredentials: writing to file /Users/nhqr5/.config/firebase/tom_bartindale_com_application_default_credentials.json
[debug] [2026-05-17T08:43:16.391Z] Setting GAC to /Users/nhqr5/.config/firebase/tom_bartindale_com_application_default_credentials.json {"metadata":{"emulator":{"name":"functions"},"message":"Setting GAC to /Users/nhqr5/.config/firebase/tom_bartindale_com_application_default_credentials.json"}}
[info] ✔  functions: Loaded functions definitions from source: pollSwimResults, pollSwimResultsHttp. {"metadata":{"emulator":{"name":"functions"},"message":"Loaded functions definitions from source: pollSwimResults, pollSwimResultsHttp."}}
[info] i  functions[us-central1-pollSwimResults]: function ignored because the pubsub emulator does not exist or is not running. {"metadata":{"emulator":{"name":"functions"},"message":"function ignored because the pubsub emulator does not exist or is not running."}}
[info] ✔  functions[us-central1-pollSwimResultsHttp]: http function initialized (http://127.0.0.1:5001/gala-tracker/us-central1/pollSwimResultsHttp). {"metadata":{"emulator":{"name":"functions"},"message":"\u001b[1mhttp\u001b[22m function initialized (http://127.0.0.1:5001/gala-tracker/us-central1/pollSwimResultsHttp)."}}
[debug] [2026-05-17T08:43:16.400Z] Could not find VSCode notification endpoint: FetchError: request to http://localhost:40001/vscode/notify failed, reason: . If you are not running the Firebase Data Connect VSCode extension, this is expected and not an issue.
[info] 
┌─────────────────────────────────────────────────────────────┐
│ ✔  All emulators ready! It is now safe to connect your app. │
│ i  View Emulator UI at http://127.0.0.1:4000/               │
└─────────────────────────────────────────────────────────────┘

┌────────────┬────────────────┬──────────────────────────────────┐
│ Emulator   │ Host:Port      │ View in Emulator UI              │
├────────────┼────────────────┼──────────────────────────────────┤
│ Functions  │ 127.0.0.1:5001 │ http://127.0.0.1:4000/functions  │
├────────────┼────────────────┼──────────────────────────────────┤
│ Firestore  │ 127.0.0.1:8080 │ http://127.0.0.1:4000/firestore  │
├────────────┼────────────────┼──────────────────────────────────┤
│ Hosting    │ 127.0.0.1:5002 │ n/a                              │
├────────────┼────────────────┼──────────────────────────────────┤
│ Extensions │ 127.0.0.1:5001 │ http://127.0.0.1:4000/extensions │
└────────────┴────────────────┴──────────────────────────────────┘
  Emulator Hub host: 127.0.0.1 port: 4400
  Other reserved ports: 4500, 9150
┌─────────────────────────┬───────────────┬─────────────────────┐
│ Extension Instance Name │ Extension Ref │ View in Emulator UI │
└─────────────────────────┴───────────────┴─────────────────────┘
Issues? Report them at https://github.com/firebase/firebase-tools/issues and attach the *-debug.log files.
 
[debug] [2026-05-17T08:43:18.960Z] May 17, 2026 9:43:18 AM io.gapi.emulators.netty.HttpVersionRoutingHandler channelRead
INFO: Detected HTTP/2 connection.
 {"metadata":{"emulator":{"name":"firestore"},"message":"May 17, 2026 9:43:18 AM io.gapi.emulators.netty.HttpVersionRoutingHandler channelRead\nINFO: Detected HTTP/2 connection.\n"}}
[debug] [2026-05-17T08:43:22.848Z] May 17, 2026 9:43:22 AM io.gapi.emulators.netty.HttpVersionRoutingHandler channelRead
INFO: Detected non-HTTP/2 connection.
 {"metadata":{"emulator":{"name":"firestore"},"message":"May 17, 2026 9:43:22 AM io.gapi.emulators.netty.HttpVersionRoutingHandler channelRead\nINFO: Detected non-HTTP/2 connection.\n"}}
[debug] [2026-05-17T08:43:23.103Z] May 17, 2026 9:43:23 AM io.gapi.emulators.netty.HttpVersionRoutingHandler channelRead
INFO: Detected non-HTTP/2 connection.
 {"metadata":{"emulator":{"name":"firestore"},"message":"May 17, 2026 9:43:23 AM io.gapi.emulators.netty.HttpVersionRoutingHandler channelRead\nINFO: Detected non-HTTP/2 connection.\n"}}
[debug] [2026-05-17T08:43:23.125Z] May 17, 2026 9:43:23 AM io.gapi.emulators.netty.HttpVersionRoutingHandler channelRead
INFO: Detected non-HTTP/2 connection.
 {"metadata":{"emulator":{"name":"firestore"},"message":"May 17, 2026 9:43:23 AM io.gapi.emulators.netty.HttpVersionRoutingHandler channelRead\nINFO: Detected non-HTTP/2 connection.\n"}}
[debug] [2026-05-17T08:43:23.126Z] May 17, 2026 9:43:23 AM io.gapi.emulators.netty.HttpVersionRoutingHandler channelRead
INFO: Detected non-HTTP/2 connection.
 {"metadata":{"emulator":{"name":"firestore"},"message":"May 17, 2026 9:43:23 AM io.gapi.emulators.netty.HttpVersionRoutingHandler channelRead\nINFO: Detected non-HTTP/2 connection.\n"}}
[debug] [2026-05-17T08:43:24.639Z] [work-queue] {"queuedWork":["/gala-tracker/us-central1/pollSwimResultsHttp-2026-05-17T08:43:24.639Z"],"queueLength":1,"runningWork":[],"workRunningCount":0}
[debug] [2026-05-17T08:43:24.639Z] [work-queue] {"queuedWork":[],"queueLength":0,"runningWork":["/gala-tracker/us-central1/pollSwimResultsHttp-2026-05-17T08:43:24.639Z"],"workRunningCount":1}
[debug] [2026-05-17T08:43:24.640Z] Accepted request POST /gala-tracker/us-central1/pollSwimResultsHttp --> us-central1-pollSwimResultsHttp
[debug] [2026-05-17T08:43:24.641Z] [functions] Runtime ready! Sending request! {"metadata":{"emulator":{"name":"functions"},"message":"[functions] Runtime ready! Sending request!"}}
[debug] [2026-05-17T08:43:24.641Z] [functions] Got req.url=/gala-tracker/us-central1/pollSwimResultsHttp, mapping to path=/ {"metadata":{"emulator":{"name":"functions"},"message":"[functions] Got req.url=/gala-tracker/us-central1/pollSwimResultsHttp, mapping to path=/"}}
[debug] [2026-05-17T08:43:24.643Z] [worker-pool] addWorker(us-central1-pollSwimResultsHttp) {"metadata":{"emulator":{"name":"functions"},"message":"[worker-pool] addWorker(us-central1-pollSwimResultsHttp)"}}
[debug] [2026-05-17T08:43:24.644Z] [worker-pool] Adding worker with key us-central1-pollSwimResultsHttp, total=1 {"metadata":{"emulator":{"name":"functions"},"message":"[worker-pool] Adding worker with key us-central1-pollSwimResultsHttp, total=1"}}
[debug] [2026-05-17T08:43:25.576Z] [runtime-status] [47493] Resolved module firebase-admin {"declared":true,"installed":true,"version":"12.7.0","resolution":"/Users/nhqr5/Documents/Projects/swim_results/functions/node_modules/firebase-admin/lib/index.js"} {"metadata":{"emulator":{"name":"functions"},"function":{"name":"us-central1-pollSwimResultsHttp"},"extension":{},"message":"[runtime-status] [47493] Resolved module firebase-admin {\"declared\":true,\"installed\":true,\"version\":\"12.7.0\",\"resolution\":\"/Users/nhqr5/Documents/Projects/swim_results/functions/node_modules/firebase-admin/lib/index.js\"}"}}
[debug] [2026-05-17T08:43:25.577Z] [runtime-status] [47493] Resolved module firebase-functions {"declared":true,"installed":true,"version":"6.6.0","resolution":"/Users/nhqr5/Documents/Projects/swim_results/functions/node_modules/firebase-functions/lib/v2/index.js"} {"metadata":{"emulator":{"name":"functions"},"function":{"name":"us-central1-pollSwimResultsHttp"},"extension":{},"message":"[runtime-status] [47493] Resolved module firebase-functions {\"declared\":true,\"installed\":true,\"version\":\"6.6.0\",\"resolution\":\"/Users/nhqr5/Documents/Projects/swim_results/functions/node_modules/firebase-functions/lib/v2/index.js\"}"}}
[debug] [2026-05-17T08:43:25.577Z] [runtime-status] [47493] Outgoing network have been stubbed. [{"name":"http","status":"mocked"},{"name":"http","status":"mocked"},{"name":"https","status":"mocked"},{"name":"https","status":"mocked"},{"name":"net","status":"mocked"}] {"metadata":{"emulator":{"name":"functions"},"function":{"name":"us-central1-pollSwimResultsHttp"},"extension":{},"message":"[runtime-status] [47493] Outgoing network have been stubbed. [{\"name\":\"http\",\"status\":\"mocked\"},{\"name\":\"http\",\"status\":\"mocked\"},{\"name\":\"https\",\"status\":\"mocked\"},{\"name\":\"https\",\"status\":\"mocked\"},{\"name\":\"net\",\"status\":\"mocked\"}]"}}
[debug] [2026-05-17T08:43:25.577Z] [runtime-status] [47493] Resolved module firebase-functions {"declared":true,"installed":true,"version":"6.6.0","resolution":"/Users/nhqr5/Documents/Projects/swim_results/functions/node_modules/firebase-functions/lib/v2/index.js"} {"metadata":{"emulator":{"name":"functions"},"function":{"name":"us-central1-pollSwimResultsHttp"},"extension":{},"message":"[runtime-status] [47493] Resolved module firebase-functions {\"declared\":true,\"installed\":true,\"version\":\"6.6.0\",\"resolution\":\"/Users/nhqr5/Documents/Projects/swim_results/functions/node_modules/firebase-functions/lib/v2/index.js\"}"}}
[debug] [2026-05-17T08:43:26.123Z] [runtime-status] [47493] Checked functions.config() {"config":{}} {"metadata":{"emulator":{"name":"functions"},"function":{"name":"us-central1-pollSwimResultsHttp"},"extension":{},"message":"[runtime-status] [47493] Checked functions.config() {\"config\":{}}"}}
[debug] [2026-05-17T08:43:26.123Z] [runtime-status] [47493] firebase-functions has been stubbed. {"functionsResolution":{"declared":true,"installed":true,"version":"6.6.0","resolution":"/Users/nhqr5/Documents/Projects/swim_results/functions/node_modules/firebase-functions/lib/v2/index.js"}} {"metadata":{"emulator":{"name":"functions"},"function":{"name":"us-central1-pollSwimResultsHttp"},"extension":{},"message":"[runtime-status] [47493] firebase-functions has been stubbed. {\"functionsResolution\":{\"declared\":true,\"installed\":true,\"version\":\"6.6.0\",\"resolution\":\"/Users/nhqr5/Documents/Projects/swim_results/functions/node_modules/firebase-functions/lib/v2/index.js\"}}"}}
[debug] [2026-05-17T08:43:26.124Z] [runtime-status] [47493] Resolved module firebase-functions {"declared":true,"installed":true,"version":"6.6.0","resolution":"/Users/nhqr5/Documents/Projects/swim_results/functions/node_modules/firebase-functions/lib/v2/index.js"} {"metadata":{"emulator":{"name":"functions"},"function":{"name":"us-central1-pollSwimResultsHttp"},"extension":{},"message":"[runtime-status] [47493] Resolved module firebase-functions {\"declared\":true,\"installed\":true,\"version\":\"6.6.0\",\"resolution\":\"/Users/nhqr5/Documents/Projects/swim_results/functions/node_modules/firebase-functions/lib/v2/index.js\"}"}}
[debug] [2026-05-17T08:43:26.141Z] [runtime-status] [47493] Resolved module firebase-admin {"declared":true,"installed":true,"version":"12.7.0","resolution":"/Users/nhqr5/Documents/Projects/swim_results/functions/node_modules/firebase-admin/lib/index.js"} {"metadata":{"emulator":{"name":"functions"},"function":{"name":"us-central1-pollSwimResultsHttp"},"extension":{},"message":"[runtime-status] [47493] Resolved module firebase-admin {\"declared\":true,\"installed\":true,\"version\":\"12.7.0\",\"resolution\":\"/Users/nhqr5/Documents/Projects/swim_results/functions/node_modules/firebase-admin/lib/index.js\"}"}}
[debug] [2026-05-17T08:43:26.153Z] [runtime-status] [47493] Resolved module firebase-functions {"declared":true,"installed":true,"version":"6.6.0","resolution":"/Users/nhqr5/Documents/Projects/swim_results/functions/node_modules/firebase-functions/lib/v2/index.js"} {"metadata":{"emulator":{"name":"functions"},"function":{"name":"us-central1-pollSwimResultsHttp"},"extension":{},"message":"[runtime-status] [47493] Resolved module firebase-functions {\"declared\":true,\"installed\":true,\"version\":\"6.6.0\",\"resolution\":\"/Users/nhqr5/Documents/Projects/swim_results/functions/node_modules/firebase-functions/lib/v2/index.js\"}"}}
[debug] [2026-05-17T08:43:26.153Z] [runtime-status] [47493] firebase-admin has been stubbed. {"adminResolution":{"declared":true,"installed":true,"version":"12.7.0","resolution":"/Users/nhqr5/Documents/Projects/swim_results/functions/node_modules/firebase-admin/lib/index.js"}} {"metadata":{"emulator":{"name":"functions"},"function":{"name":"us-central1-pollSwimResultsHttp"},"extension":{},"message":"[runtime-status] [47493] firebase-admin has been stubbed. {\"adminResolution\":{\"declared\":true,\"installed\":true,\"version\":\"12.7.0\",\"resolution\":\"/Users/nhqr5/Documents/Projects/swim_results/functions/node_modules/firebase-admin/lib/index.js\"}}"}}
[debug] [2026-05-17T08:43:26.282Z] [runtime-status] [47493] Functions runtime initialized. {"cwd":"/Users/nhqr5/Documents/Projects/swim_results/functions","node_version":"22.16.0"} {"metadata":{"emulator":{"name":"functions"},"function":{"name":"us-central1-pollSwimResultsHttp"},"extension":{},"message":"[runtime-status] [47493] Functions runtime initialized. {\"cwd\":\"/Users/nhqr5/Documents/Projects/swim_results/functions\",\"node_version\":\"22.16.0\"}"}}
[debug] [2026-05-17T08:43:26.283Z] [runtime-status] [47493] Listening to port: /var/folders/12/2lz5h6hd7sv2vfnz0l62c6cm0000gp/T/fire_emu_5d9c8d7828351e61.sock {"metadata":{"emulator":{"name":"functions"},"function":{"name":"us-central1-pollSwimResultsHttp"},"extension":{},"message":"[runtime-status] [47493] Listening to port: /var/folders/12/2lz5h6hd7sv2vfnz0l62c6cm0000gp/T/fire_emu_5d9c8d7828351e61.sock"}}
[debug] [2026-05-17T08:43:26.289Z] [worker-us-central1-pollSwimResultsHttp-39c0c2b6-106b-46fe-8853-4c73fa85c0c2]: IDLE {"metadata":{"emulator":{"name":"functions"},"function":{"name":"us-central1-pollSwimResultsHttp"},"extension":{},"message":"[worker-us-central1-pollSwimResultsHttp-39c0c2b6-106b-46fe-8853-4c73fa85c0c2]: IDLE"}}
[debug] [2026-05-17T08:43:26.289Z] [worker-pool] submitRequest(triggerId=us-central1-pollSwimResultsHttp) {"metadata":{"emulator":{"name":"functions"},"message":"[worker-pool] submitRequest(triggerId=us-central1-pollSwimResultsHttp)"}}
[info] i  functions: Beginning execution of "us-central1-pollSwimResultsHttp" {"metadata":{"emulator":{"name":"functions"},"function":{"name":"us-central1-pollSwimResultsHttp"},"extension":{},"message":"Beginning execution of \"us-central1-pollSwimResultsHttp\""}}
[debug] [2026-05-17T08:43:26.289Z] [worker-us-central1-pollSwimResultsHttp-39c0c2b6-106b-46fe-8853-4c73fa85c0c2]: BUSY {"metadata":{"emulator":{"name":"functions"},"function":{"name":"us-central1-pollSwimResultsHttp"},"extension":{},"message":"[worker-us-central1-pollSwimResultsHttp-39c0c2b6-106b-46fe-8853-4c73fa85c0c2]: BUSY"}}
[debug] [2026-05-17T08:43:27.262Z] May 17, 2026 9:43:27 AM io.gapi.emulators.netty.HttpVersionRoutingHandler channelRead
INFO: Detected HTTP/2 connection.
 {"metadata":{"emulator":{"name":"firestore"},"message":"May 17, 2026 9:43:27 AM io.gapi.emulators.netty.HttpVersionRoutingHandler channelRead\nINFO: Detected HTTP/2 connection.\n"}}
[info] >  Polled 0 events → galas/gala-2026-01-25 {"user":"Polled 0 events → galas/gala-2026-01-25","metadata":{"emulator":{"name":"functions"},"function":{"name":"us-central1-pollSwimResultsHttp"},"extension":{},"message":"\u001b[90m> \u001b[39m Polled 0 events → galas/gala-2026-01-25"}}
[debug] [2026-05-17T08:43:32.868Z] Finishing up request with event=pause {"metadata":{"emulator":{"name":"functions"},"function":{"name":"us-central1-pollSwimResultsHttp"},"extension":{},"message":"Finishing up request with event=pause"}}
[info] i  functions: Finished "us-central1-pollSwimResultsHttp" in 6579.418666ms {"metadata":{"emulator":{"name":"functions"},"function":{"name":"us-central1-pollSwimResultsHttp"},"extension":{},"message":"Finished \"us-central1-pollSwimResultsHttp\" in 6579.418666ms"}}
[debug] [2026-05-17T08:43:32.869Z] [worker-us-central1-pollSwimResultsHttp-39c0c2b6-106b-46fe-8853-4c73fa85c0c2]: IDLE {"metadata":{"emulator":{"name":"functions"},"function":{"name":"us-central1-pollSwimResultsHttp"},"extension":{},"message":"[worker-us-central1-pollSwimResultsHttp-39c0c2b6-106b-46fe-8853-4c73fa85c0c2]: IDLE"}}
[debug] [2026-05-17T08:43:32.869Z] Finishing up request with event=finish {"metadata":{"emulator":{"name":"functions"},"function":{"name":"us-central1-pollSwimResultsHttp"},"extension":{},"message":"Finishing up request with event=finish"}}
[debug] [2026-05-17T08:43:32.869Z] Finishing up request with event=close {"metadata":{"emulator":{"name":"functions"},"function":{"name":"us-central1-pollSwimResultsHttp"},"extension":{},"message":"Finishing up request with event=close"}}
[debug] [2026-05-17T08:43:32.869Z] [work-queue] {"queuedWork":[],"queueLength":0,"runningWork":[],"workRunningCount":0}
[debug] [2026-05-17T08:43:35.539Z] May 17, 2026 9:43:35 AM io.gapi.emulators.netty.HttpVersionRoutingHandler channelRead
INFO: Detected non-HTTP/2 connection.
 {"metadata":{"emulator":{"name":"firestore"},"message":"May 17, 2026 9:43:35 AM io.gapi.emulators.netty.HttpVersionRoutingHandler channelRead\nINFO: Detected non-HTTP/2 connection.\n"}}
[debug] [2026-05-17T08:43:35.599Z] May 17, 2026 9:43:35 AM io.gapi.emulators.netty.HttpVersionRoutingHandler channelRead
INFO: Detected non-HTTP/2 connection.
 {"metadata":{"emulator":{"name":"firestore"},"message":"May 17, 2026 9:43:35 AM io.gapi.emulators.netty.HttpVersionRoutingHandler channelRead\nINFO: Detected non-HTTP/2 connection.\n"}}
[debug] [2026-05-17T08:43:36.239Z] May 17, 2026 9:43:36 AM io.gapi.emulators.netty.HttpVersionRoutingHandler channelRead
INFO: Detected non-HTTP/2 connection.
 {"metadata":{"emulator":{"name":"firestore"},"message":"May 17, 2026 9:43:36 AM io.gapi.emulators.netty.HttpVersionRoutingHandler channelRead\nINFO: Detected non-HTTP/2 connection.\n"}}
[debug] [2026-05-17T08:43:37.280Z] May 17, 2026 9:43:37 AM com.google.cloud.datastore.emulator.firestore.websocket.WebSocketChannelHandler initChannel
INFO: Connected to new websocket client
 {"metadata":{"emulator":{"name":"firestore"},"message":"May 17, 2026 9:43:37 AM com.google.cloud.datastore.emulator.firestore.websocket.WebSocketChannelHandler initChannel\nINFO: Connected to new websocket client\n"}}
[debug] [2026-05-17T08:43:44.804Z] May 17, 2026 9:43:44 AM io.gapi.emulators.netty.HttpVersionRoutingHandler channelRead
INFO: Detected non-HTTP/2 connection.
 {"metadata":{"emulator":{"name":"firestore"},"message":"May 17, 2026 9:43:44 AM io.gapi.emulators.netty.HttpVersionRoutingHandler channelRead\nINFO: Detected non-HTTP/2 connection.\n"}}
[debug] [2026-05-17T08:43:45.969Z] May 17, 2026 9:43:45 AM io.gapi.emulators.netty.HttpVersionRoutingHandler channelRead
INFO: Detected non-HTTP/2 connection.
 {"metadata":{"emulator":{"name":"firestore"},"message":"May 17, 2026 9:43:45 AM io.gapi.emulators.netty.HttpVersionRoutingHandler channelRead\nINFO: Detected non-HTTP/2 connection.\n"}}
[debug] [2026-05-17T08:43:46.817Z] May 17, 2026 9:43:46 AM io.gapi.emulators.netty.HttpVersionRoutingHandler channelRead
INFO: Detected non-HTTP/2 connection.
 {"metadata":{"emulator":{"name":"firestore"},"message":"May 17, 2026 9:43:46 AM io.gapi.emulators.netty.HttpVersionRoutingHandler channelRead\nINFO: Detected non-HTTP/2 connection.\n"}}
[debug] [2026-05-17T08:43:47.685Z] May 17, 2026 9:43:47 AM io.gapi.emulators.netty.HttpVersionRoutingHandler channelRead
INFO: Detected non-HTTP/2 connection.
 {"metadata":{"emulator":{"name":"firestore"},"message":"May 17, 2026 9:43:47 AM io.gapi.emulators.netty.HttpVersionRoutingHandler channelRead\nINFO: Detected non-HTTP/2 connection.\n"}}
[debug] [2026-05-17T08:43:48.793Z] May 17, 2026 9:43:48 AM io.gapi.emulators.netty.HttpVersionRoutingHandler channelRead
INFO: Detected non-HTTP/2 connection.
 {"metadata":{"emulator":{"name":"firestore"},"message":"May 17, 2026 9:43:48 AM io.gapi.emulators.netty.HttpVersionRoutingHandler channelRead\nINFO: Detected non-HTTP/2 connection.\n"}}
[debug] [2026-05-17T08:43:51.094Z] May 17, 2026 9:43:51 AM io.gapi.emulators.netty.HttpVersionRoutingHandler channelRead
INFO: Detected non-HTTP/2 connection.
 {"metadata":{"emulator":{"name":"firestore"},"message":"May 17, 2026 9:43:51 AM io.gapi.emulators.netty.HttpVersionRoutingHandler channelRead\nINFO: Detected non-HTTP/2 connection.\n"}}
[debug] [2026-05-17T08:43:51.224Z] May 17, 2026 9:43:51 AM io.gapi.emulators.netty.HttpVersionRoutingHandler channelRead
INFO: Detected non-HTTP/2 connection.
 {"metadata":{"emulator":{"name":"firestore"},"message":"May 17, 2026 9:43:51 AM io.gapi.emulators.netty.HttpVersionRoutingHandler channelRead\nINFO: Detected non-HTTP/2 connection.\n"}}
[debug] [2026-05-17T08:43:51.232Z] May 17, 2026 9:43:51 AM io.gapi.emulators.netty.HttpVersionRoutingHandler channelRead
INFO: Detected non-HTTP/2 connection.
 {"metadata":{"emulator":{"name":"firestore"},"message":"May 17, 2026 9:43:51 AM io.gapi.emulators.netty.HttpVersionRoutingHandler channelRead\nINFO: Detected non-HTTP/2 connection.\n"}}
[debug] [2026-05-17T08:43:51.239Z] May 17, 2026 9:43:51 AM io.gapi.emulators.netty.HttpVersionRoutingHandler channelRead
INFO: Detected non-HTTP/2 connection.
 {"metadata":{"emulator":{"name":"firestore"},"message":"May 17, 2026 9:43:51 AM io.gapi.emulators.netty.HttpVersionRoutingHandler channelRead\nINFO: Detected non-HTTP/2 connection.\n"}}
[debug] [2026-05-17T08:44:18.825Z] May 17, 2026 9:44:18 AM io.gapi.emulators.netty.HttpVersionRoutingHandler channelRead
INFO: Detected non-HTTP/2 connection.
 {"metadata":{"emulator":{"name":"firestore"},"message":"May 17, 2026 9:44:18 AM io.gapi.emulators.netty.HttpVersionRoutingHandler channelRead\nINFO: Detected non-HTTP/2 connection.\n"}}
[debug] [2026-05-17T08:44:51.307Z] May 17, 2026 9:44:51 AM io.gapi.emulators.netty.HttpVersionRoutingHandler channelRead
INFO: Detected non-HTTP/2 connection.
 {"metadata":{"emulator":{"name":"firestore"},"message":"May 17, 2026 9:44:51 AM io.gapi.emulators.netty.HttpVersionRoutingHandler channelRead\nINFO: Detected non-HTTP/2 connection.\n"}}
